<?xml version="1.0" encoding="UTF-8"?>
<!-- Generated by org.testng.reporters.JUnitReportReporter -->
<testsuite hostname="Khosruz" failures="0" tests="1" name="com.College.Tests.FacultiesCrudOps" time="1.821" errors="0" timestamp="2023-10-23T14:06:18 EDT" skipped="0">
  <testcase classname="com.College.Tests.FacultiesCrudOps" name="createFaculty" time="1.821"/>
  <system-out/>
</testsuite> <!-- com.College.Tests.FacultiesCrudOps -->
