<?xml version="1.0" encoding="UTF-8"?>
<!-- Generated by org.testng.reporters.JUnitReportReporter -->
<testsuite hostname="Khosruz" failures="0" tests="1" name="com.College.Tests.StudentsCrudTest" time="0.791" errors="0" timestamp="2023-10-24T11:25:49 EDT" skipped="0">
  <testcase classname="com.College.Tests.StudentsCrudTest" name="getSingleRecordById" time="0.791"/>
  <system-out/>
</testsuite> <!-- com.College.Tests.StudentsCrudTest -->
