<?xml version="1.0" encoding="UTF-8"?>
<!-- Generated by org.testng.reporters.JUnitReportReporter -->
<testsuite hostname="Khosruz" failures="0" tests="1" name="com.College.Tests.StudentsCrudTest" time="1.068" errors="0" timestamp="2023-10-23T14:12:49 EDT" skipped="0">
  <testcase classname="com.College.Tests.StudentsCrudTest" name="getAllStudents" time="1.068"/>
  <system-out/>
</testsuite> <!-- com.College.Tests.StudentsCrudTest -->
