<?xml version="1.0" encoding="UTF-8"?>
<!-- Generated by org.testng.reporters.JUnitReportReporter -->
<testsuite hostname="Khosruz" failures="0" tests="1" name="com.College.Tests.StudentsCrudTest" time="1.017" errors="0" timestamp="2023-10-22T13:09:41 EDT" skipped="0">
  <testcase classname="com.College.Tests.StudentsCrudTest" name="deleteSingleRecord" time="1.017"/>
  <system-out/>
</testsuite> <!-- com.College.Tests.StudentsCrudTest -->
