<?xml version="1.0" encoding="UTF-8"?>
<!-- Generated by org.testng.reporters.JUnitReportReporter -->
<testsuite hostname="Khosruz" failures="0" tests="6" name="com.College.Tests.FacultiesCrudOps" time="2.273" errors="0" timestamp="2023-10-24T11:33:15 EDT" skipped="0">
  <testcase classname="com.College.Tests.FacultiesCrudOps" name="getSingleRecordByFiresName" time="0.618"/>
  <system-out/>
  <testcase classname="com.College.Tests.FacultiesCrudOps" name="deleteSingleRecord" time="0.033"/>
  <system-out/>
  <testcase classname="com.College.Tests.FacultiesCrudOps" name="updateFacultyData" time="0.044"/>
  <system-out/>
  <testcase classname="com.College.Tests.FacultiesCrudOps" name="createFaculty" time="0.302"/>
  <system-out/>
  <testcase classname="com.College.Tests.FacultiesCrudOps" name="getFaculties" time="1.215"/>
  <system-out/>
  <testcase classname="com.College.Tests.FacultiesCrudOps" name="getSingleRecordById" time="0.061"/>
  <system-out/>
</testsuite> <!-- com.College.Tests.FacultiesCrudOps -->
